<?xml version="1.0" encoding="UTF-8"?>
<!-- Generated by org.testng.reporters.JUnitReportReporter -->
<testsuite hostname="DESKTOP-F87NFNC" failures="0" tests="2" name="Test1.Demo2" time="0.068" errors="0" timestamp="2024-01-12T11:39:58 IST" skipped="0">
  <testcase classname="Test1.Demo2" name="b" time="0.012"/>
  <testcase classname="Test1.Demo2" name="a" time="0.056"/>
</testsuite> <!-- Test1.Demo2 -->
