<?xml version="1.0" encoding="UTF-8"?>
<!-- Generated by org.testng.reporters.JUnitReportReporter -->
<testsuite hostname="DESKTOP-F87NFNC" failures="0" tests="1" name="Test3.Website" time="20.209" errors="0" timestamp="2024-03-22T11:56:09 IST" skipped="0">
  <testcase classname="Test3.Website" name="facebook" time="20.209"/>
</testsuite> <!-- Test3.Website -->
