<?xml version="1.0" encoding="UTF-8"?>
<!-- Generated by org.testng.reporters.JUnitReportReporter -->
<testsuite hostname="DESKTOP-F87NFNC" failures="0" tests="1" name="Test2.Demo2" time="0.014" errors="0" timestamp="2024-03-22T19:03:52 IST" skipped="0">
  <testcase classname="Test2.Demo2" name="m1" time="0.014"/>
</testsuite> <!-- Test2.Demo2 -->
