<?xml version="1.0" encoding="UTF-8"?>
<!-- Generated by org.testng.reporters.JUnitReportReporter -->
<testsuite hostname="DESKTOP-F87NFNC" failures="0" tests="3" name="Test2.Annotation" time="21.190" errors="0" timestamp="2024-04-03T14:17:04 IST" skipped="0">
  <testcase classname="Test2.Annotation" name="m1" time="4.464"/>
  <testcase classname="Test2.Annotation" name="m1" time="7.100"/>
  <testcase classname="Test2.Annotation" name="m1" time="9.626"/>
</testsuite> <!-- Test2.Annotation -->
