<?xml version="1.0" encoding="UTF-8"?>
<!-- Generated by org.testng.reporters.JUnitReportReporter -->
<testsuite hostname="DESKTOP-F87NFNC" failures="0" tests="3" name="Test1.ThirdTestCase" time="0.054" errors="0" timestamp="2024-02-19T21:50:23 IST" skipped="0">
  <testcase classname="Test1.ThirdTestCase" name="t2" time="0.014"/>
  <testcase classname="Test1.ThirdTestCase" name="t1" time="0.010"/>
  <testcase classname="Test1.ThirdTestCase" name="t3" time="0.030"/>
</testsuite> <!-- Test1.ThirdTestCase -->
