<?xml version="1.0" encoding="UTF-8"?>
<!-- Generated by org.testng.reporters.JUnitReportReporter -->
<testsuite hostname="DESKTOP-F87NFNC" failures="0" tests="2" name="Test3.TestAttribute" time="0.029" errors="0" timestamp="2024-04-18T09:01:10 IST" skipped="0">
  <testcase classname="Test3.TestAttribute" name="m1" time="0.020"/>
  <testcase classname="Test3.TestAttribute" name="m3" time="0.009"/>
</testsuite> <!-- Test3.TestAttribute -->
