<?xml version="1.0" encoding="UTF-8"?>
<!-- Generated by org.testng.reporters.JUnitReportReporter -->
<testsuite hostname="DESKTOP-F87NFNC" failures="0" tests="1" name="Test2.Demo1" time="15.638" errors="0" timestamp="2024-03-22T19:03:52 IST" skipped="0">
  <testcase classname="Test2.Demo1" name="googleTest" time="15.638"/>
</testsuite> <!-- Test2.Demo1 -->
