<?xml version="1.0" encoding="UTF-8"?>
<!-- Generated by org.testng.reporters.JUnitReportReporter -->
<testsuite hostname="DESKTOP-F87NFNC" failures="0" tests="1" name="Test3.Login" time="0.025" errors="0" timestamp="2024-02-22T15:51:50 IST" skipped="0">
  <testcase classname="Test3.Login" name="mobileCarloan" time="0.025"/>
</testsuite> <!-- Test3.Login -->
