<?xml version="1.0" encoding="UTF-8"?>
<!-- Generated by org.testng.reporters.JUnitReportReporter -->
<testsuite hostname="DESKTOP-F87NFNC" failures="0" tests="1" name="Test3.Demo22" time="3.857" errors="0" timestamp="2024-04-18T22:18:07 IST" skipped="0">
  <testcase classname="Test3.Demo22" name="login" time="3.857"/>
</testsuite> <!-- Test3.Demo22 -->
