<?xml version="1.0" encoding="UTF-8"?>
<!-- Generated by org.testng.reporters.JUnitReportReporter -->
<testsuite hostname="DESKTOP-F87NFNC" failures="0" tests="1" name="Test3.Demo1" time="0.030" errors="0" timestamp="2024-02-22T15:51:50 IST" skipped="0">
  <testcase classname="Test3.Demo1" name="method1" time="0.030"/>
</testsuite> <!-- Test3.Demo1 -->
