<?xml version="1.0" encoding="UTF-8"?>
<!-- Generated by org.testng.reporters.JUnitReportReporter -->
<testsuite hostname="DESKTOP-F87NFNC" failures="0" tests="3" name="Test1.Excel" time="22.523" errors="0" timestamp="2024-04-02T16:17:44 IST" skipped="0">
  <testcase classname="Test1.Excel" name="loginTest" time="8.630"/>
  <testcase classname="Test1.Excel" name="loginTest" time="7.229"/>
  <testcase classname="Test1.Excel" name="loginTest" time="6.664"/>
</testsuite> <!-- Test1.Excel -->
