<?xml version="1.0" encoding="UTF-8"?>
<!-- Generated by org.testng.reporters.JUnitReportReporter -->
<testsuite hostname="DESKTOP-F87NFNC" failures="0" tests="9" name="Test1.Grouping" time="0.044" errors="0" timestamp="2024-04-01T12:22:39 IST" skipped="0">
  <testcase classname="Test1.Grouping" name="loginByEmail" time="0.026"/>
  <testcase classname="Test1.Grouping" name="loginByFacebook" time="0.002"/>
  <testcase classname="Test1.Grouping" name="loginByTwitter" time="0.002"/>
  <testcase classname="Test1.Grouping" name="signupByEmail" time="0.002"/>
  <testcase classname="Test1.Grouping" name="signupByFacebook" time="0.003"/>
  <testcase classname="Test1.Grouping" name="signupByTwitter" time="0.002"/>
  <testcase classname="Test1.Grouping" name="paymentInRupees" time="0.002"/>
  <testcase classname="Test1.Grouping" name="paymentInDollar" time="0.003"/>
  <testcase classname="Test1.Grouping" name="paymentReturnByBank" time="0.002"/>
</testsuite> <!-- Test1.Grouping -->
