<?xml version="1.0" encoding="UTF-8"?>
<!-- Generated by org.testng.reporters.JUnitReportReporter -->
<testsuite hostname="DESKTOP-F87NFNC" failures="0" tests="1" name="Test1.Demo1" time="0.023" errors="0" timestamp="2024-01-12T11:39:58 IST" skipped="0">
  <testcase classname="Test1.Demo1" name="m2" time="0.023"/>
</testsuite> <!-- Test1.Demo1 -->
