<?xml version="1.0" encoding="UTF-8"?>
<!-- Generated by org.testng.reporters.JUnitReportReporter -->
<testsuite hostname="DESKTOP-F87NFNC" failures="0" tests="3" name="Test1.FirstTestCase" time="0.033" errors="0" timestamp="2024-02-22T09:38:03 IST" skipped="0">
  <testcase classname="Test1.FirstTestCase" name="m2" time="0.004"/>
  <testcase classname="Test1.FirstTestCase" name="m1" time="0.025"/>
  <testcase classname="Test1.FirstTestCase" name="m3" time="0.004"/>
</testsuite> <!-- Test1.FirstTestCase -->
