<?xml version="1.0" encoding="UTF-8"?>
<!-- Generated by org.testng.reporters.JUnitReportReporter -->
<testsuite hostname="DESKTOP-F87NFNC" failures="0" tests="3" name="Test1.SecondTest" time="0.034" errors="0" timestamp="2024-02-19T21:50:23 IST" skipped="0">
  <testcase classname="Test1.SecondTest" name="c3" time="0.010"/>
  <testcase classname="Test1.SecondTest" name="c1" time="0.013"/>
  <testcase classname="Test1.SecondTest" name="c2" time="0.011"/>
</testsuite> <!-- Test1.SecondTest -->
