<?xml version="1.0" encoding="UTF-8"?>
<!-- Generated by org.testng.reporters.JUnitReportReporter -->
<testsuite hostname="DESKTOP-F87NFNC" failures="0" tests="4" name="Test3.Provider" time="16.865" errors="0" timestamp="2024-04-19T09:39:01 IST" skipped="0">
  <testcase classname="Test3.Provider" name="login" time="2.670"/>
  <testcase classname="Test3.Provider" name="login" time="3.078"/>
  <testcase classname="Test3.Provider" name="login" time="7.051"/>
  <testcase classname="Test3.Provider" name="login" time="4.066"/>
</testsuite> <!-- Test3.Provider -->
