<?xml version="1.0" encoding="UTF-8"?>
<!-- Generated by org.testng.reporters.JUnitReportReporter -->
<testsuite hostname="DESKTOP-F87NFNC" failures="0" tests="1" name="Test2.Parallel" time="0.134" errors="0" timestamp="2024-04-19T09:43:45 IST" skipped="0">
  <testcase classname="Test2.Parallel" name="logoDisplay" time="0.134"/>
</testsuite> <!-- Test2.Parallel -->
